0 info it worked if it ends with ok
1 verbose cli [ 'C:\\Program Files\\nodejs\\node.exe',
1 verbose cli   'C:\\Program Files\\nodejs\\node_modules\\npm\\bin\\npm-cli.js',
1 verbose cli   'start' ]
2 info using npm@3.10.10
3 info using node@v6.11.1
4 verbose run-script [ 'prestart', 'start', 'poststart' ]
5 info lifecycle basicnode@1.0.0~prestart: basicnode@1.0.0
6 silly lifecycle basicnode@1.0.0~prestart: no script for prestart, continuing
7 info lifecycle basicnode@1.0.0~start: basicnode@1.0.0
8 verbose lifecycle basicnode@1.0.0~start: unsafe-perm in lifecycle true
9 verbose lifecycle basicnode@1.0.0~start: PATH: C:\Program Files\nodejs\node_modules\npm\bin\node-gyp-bin;E:\working projects\basicNode\basicNode\node_modules\.bin;C:\ProgramData\Oracle\Java\javapath;C:\WINDOWS\system32;C:\WINDOWS;C:\WINDOWS\System32\Wbem;C:\WINDOWS\System32\WindowsPowerShell\v1.0\;C:\Program Files (x86)\ATI Technologies\ATI.ACE\Core-Static;C:\Program Files\Git\cmd;C:\Program Files (x86)\Skype\Phone\;C:\Program Files\nodejs\;C:\Program Files\Git\bin;C:\Ruby23\bin;C:\Users\harid\AppData\Local\atom\bin;C:\Users\harid\AppData\Local\Microsoft\WindowsApps;E:\installations\Microsoft VS Code\bin;C:\Users\harid\AppData\Roaming\npm;C:\Program Files\sdk tools\bin;C:\Program Files\MongoDB\Server\3.4\bin
10 verbose lifecycle basicnode@1.0.0~start: CWD: E:\working projects\basicNode\basicNode
11 silly lifecycle basicnode@1.0.0~start: Args: [ '/d /s /c', 'node app.js' ]
12 silly lifecycle basicnode@1.0.0~start: Returned: code: 1  signal: null
13 info lifecycle basicnode@1.0.0~start: Failed to exec start script
14 verbose stack Error: basicnode@1.0.0 start: `node app.js`
14 verbose stack Exit status 1
14 verbose stack     at EventEmitter.<anonymous> (C:\Program Files\nodejs\node_modules\npm\lib\utils\lifecycle.js:255:16)
14 verbose stack     at emitTwo (events.js:106:13)
14 verbose stack     at EventEmitter.emit (events.js:191:7)
14 verbose stack     at ChildProcess.<anonymous> (C:\Program Files\nodejs\node_modules\npm\lib\utils\spawn.js:40:14)
14 verbose stack     at emitTwo (events.js:106:13)
14 verbose stack     at ChildProcess.emit (events.js:191:7)
14 verbose stack     at maybeClose (internal/child_process.js:891:16)
14 verbose stack     at Process.ChildProcess._handle.onexit (internal/child_process.js:226:5)
15 verbose pkgid basicnode@1.0.0
16 verbose cwd E:\working projects\basicNode\basicNode
17 error Windows_NT 10.0.14393
18 error argv "C:\\Program Files\\nodejs\\node.exe" "C:\\Program Files\\nodejs\\node_modules\\npm\\bin\\npm-cli.js" "start"
19 error node v6.11.1
20 error npm  v3.10.10
21 error code ELIFECYCLE
22 error basicnode@1.0.0 start: `node app.js`
22 error Exit status 1
23 error Failed at the basicnode@1.0.0 start script 'node app.js'.
23 error Make sure you have the latest version of node.js and npm installed.
23 error If you do, this is most likely a problem with the basicnode package,
23 error not with npm itself.
23 error Tell the author that this fails on your system:
23 error     node app.js
23 error You can get information on how to open an issue for this project with:
23 error     npm bugs basicnode
23 error Or if that isn't available, you can get their info via:
23 error     npm owner ls basicnode
23 error There is likely additional logging output above.
24 verbose exit [ 1, true ]
